<?xml version="1.0" encoding="UTF-8"?>
<robot generator="Robot 6.1.1 (Python 3.10.12 on linux)" generated="20241113 17:26:29.939" rpa="false" schemaversion="4">
<suite id="s1" name="Login" source="/home/aliinu/palautusrepositorio/viikko3/web-login/src/tests/login.robot">
<kw name="Open And Configure Browser" library="resource" type="SETUP">
<if>
<branch type="IF" condition="$BROWSER == 'chrome'">
<kw name="Evaluate" library="BuiltIn">
<var>${options}</var>
<arg>sys.modules['selenium.webdriver'].ChromeOptions()</arg>
<arg>sys</arg>
<doc>Evaluates the given expression in Python and returns the result.</doc>
<msg timestamp="20241113 17:26:30.242" level="INFO">${options} = &lt;selenium.webdriver.chrome.options.Options object at 0x79edf33e6dd0&gt;</msg>
<status status="PASS" starttime="20241113 17:26:30.241" endtime="20241113 17:26:30.245"/>
</kw>
<status status="PASS" starttime="20241113 17:26:30.236" endtime="20241113 17:26:30.245"/>
</branch>
<branch type="ELSE IF" condition="$BROWSER == 'firefox'">
<kw name="Evaluate" library="BuiltIn">
<var>${options}</var>
<arg>sys.modules['selenium.webdriver'].FirefoxOptions()</arg>
<arg>sys</arg>
<doc>Evaluates the given expression in Python and returns the result.</doc>
<status status="NOT RUN" starttime="20241113 17:26:30.246" endtime="20241113 17:26:30.246"/>
</kw>
<status status="NOT RUN" starttime="20241113 17:26:30.246" endtime="20241113 17:26:30.247"/>
</branch>
<status status="PASS" starttime="20241113 17:26:30.236" endtime="20241113 17:26:30.247"/>
</if>
<if>
<branch type="IF" condition="$HEADLESS == 'true'">
<kw name="Set Selenium Speed" library="SeleniumLibrary">
<arg>0</arg>
<doc>Sets the delay that is waited after each Selenium command.</doc>
<status status="NOT RUN" starttime="20241113 17:26:30.248" endtime="20241113 17:26:30.248"/>
</kw>
<kw name="Call Method" library="BuiltIn">
<arg>${options}</arg>
<arg>add_argument</arg>
<arg>--headless</arg>
<doc>Calls the named method of the given object with the provided arguments.</doc>
<status status="NOT RUN" starttime="20241113 17:26:30.248" endtime="20241113 17:26:30.248"/>
</kw>
<status status="NOT RUN" starttime="20241113 17:26:30.247" endtime="20241113 17:26:30.249"/>
</branch>
<branch type="ELSE">
<kw name="Set Selenium Speed" library="SeleniumLibrary">
<arg>${DELAY}</arg>
<doc>Sets the delay that is waited after each Selenium command.</doc>
<status status="PASS" starttime="20241113 17:26:30.249" endtime="20241113 17:26:30.250"/>
</kw>
<status status="PASS" starttime="20241113 17:26:30.249" endtime="20241113 17:26:30.250"/>
</branch>
<status status="PASS" starttime="20241113 17:26:30.247" endtime="20241113 17:26:30.250"/>
</if>
<kw name="Open Browser" library="SeleniumLibrary">
<arg>browser=${BROWSER}</arg>
<arg>options=${options}</arg>
<doc>Opens a new browser instance to the optional ``url``.</doc>
<msg timestamp="20241113 17:26:30.252" level="INFO">Opening browser 'chrome' to base url 'None'.</msg>
<msg timestamp="20241113 17:26:31.970" level="WARN">The chromedriver version (130.0.6723.91) detected in PATH at /usr/bin/chromedriver might not be compatible with the detected chrome version (131.0.6778.69); currently, chromedriver 131.0.6778.69 is recommended for chrome 131.*, so it is advised to delete the driver in PATH and retry</msg>
<status status="PASS" starttime="20241113 17:26:30.251" endtime="20241113 17:26:32.658"/>
</kw>
<status status="PASS" starttime="20241113 17:26:30.235" endtime="20241113 17:26:32.659"/>
</kw>
<test id="s1-t1" name="Login With Correct Credentials" line="8">
<kw name="Reset Application Create User And Go To Login Page" type="SETUP">
<kw name="Reset Application" library="AppLibrary">
<msg timestamp="20241113 17:26:32.671" level="FAIL">ConnectionError: HTTPConnectionPool(host='localhost', port=5001): Max retries exceeded with url: /tests/reset (Caused by NewConnectionError('&lt;urllib3.connection.HTTPConnection object at 0x79edf33e4e80&gt;: Failed to establish a new connection: [Errno 111] Connection refused'))</msg>
<status status="FAIL" starttime="20241113 17:26:32.663" endtime="20241113 17:26:32.684"/>
</kw>
<kw name="Create User" library="AppLibrary">
<arg>kalle</arg>
<arg>kalle123</arg>
<status status="NOT RUN" starttime="20241113 17:26:32.685" endtime="20241113 17:26:32.687"/>
</kw>
<kw name="Go To Login Page" library="resource">
<status status="NOT RUN" starttime="20241113 17:26:32.689" endtime="20241113 17:26:32.690"/>
</kw>
<status status="FAIL" starttime="20241113 17:26:32.661" endtime="20241113 17:26:32.691"/>
</kw>
<status status="FAIL" starttime="20241113 17:26:32.659" endtime="20241113 17:26:32.693">Setup failed:
ConnectionError: HTTPConnectionPool(host='localhost', port=5001): Max retries exceeded with url: /tests/reset (Caused by NewConnectionError('&lt;urllib3.connection.HTTPConnection object at 0x79edf33e4e80&gt;: Failed to establish a new connection: [Errno 111] Connection refused'))</status>
</test>
<kw name="Close Browser" library="SeleniumLibrary" type="TEARDOWN">
<doc>Closes the current browser.</doc>
<status status="PASS" starttime="20241113 17:26:32.697" endtime="20241113 17:26:33.264"/>
</kw>
<status status="FAIL" starttime="20241113 17:26:29.946" endtime="20241113 17:26:33.265"/>
</suite>
<statistics>
<total>
<stat pass="0" fail="1" skip="0">All Tests</stat>
</total>
<tag>
</tag>
<suite>
<stat pass="0" fail="1" skip="0" id="s1" name="Login">Login</stat>
</suite>
</statistics>
<errors>
<msg timestamp="20241113 17:26:31.970" level="WARN">The chromedriver version (130.0.6723.91) detected in PATH at /usr/bin/chromedriver might not be compatible with the detected chrome version (131.0.6778.69); currently, chromedriver 131.0.6778.69 is recommended for chrome 131.*, so it is advised to delete the driver in PATH and retry</msg>
</errors>
</robot>
